
#### 2015-08-24 18:58:44,771 ==> INFO: Starting up... [in run.py:20]
#### 2015-08-24 19:21:49,319 ==> INFO: User 'admin' logged out successfully [in views.py:209]
#### 2015-08-24 19:22:02,780 ==> INFO: Switching off.. [in run.py:29]
################
#### 2015-08-24 22:24:56,218 ==> INFO: Starting up... [in run.py:20]
#### 2015-08-24 22:25:00,335 ==> INFO: viewlogout tried to access Area Riservata without permission [in decorators.py:19]
#### 2015-08-24 22:31:57,428 ==> ERROR: 'File20150601222047538.jpg' cannot be sent because it does not exist in 'photos'. Is database ok? [in views.py:167]
#### 2015-08-24 22:31:57,431 ==> ERROR: 'File20150601222047546.jpg' cannot be sent because it does not exist in 'photos'. Is database ok? [in views.py:167]
#### 2015-08-24 22:31:57,433 ==> ERROR: 'File20150601221311750.jpg' cannot be sent because it does not exist in 'photos'. Is database ok? [in views.py:167]
#### 2015-08-24 22:31:57,434 ==> ERROR: 'File20150601221059706.jpg' cannot be sent because it does not exist in 'photos'. Is database ok? [in views.py:167]
#### 2015-08-24 22:31:57,437 ==> ERROR: 'File20150601221115913.jpg' cannot be sent because it does not exist in 'photos'. Is database ok? [in views.py:167]
#### 2015-08-24 22:31:57,439 ==> ERROR: 'File20150601220546335.jpg' cannot be sent because it does not exist in 'photos'. Is database ok? [in views.py:167]
#### 2015-08-24 22:31:57,441 ==> ERROR: 'File20150601220546344.jpg' cannot be sent because it does not exist in 'photos'. Is database ok? [in views.py:167]
#### 2015-08-24 22:37:44,391 ==> INFO: Switching off.. [in run.py:29]
################
#### 2015-08-24 22:37:45,755 ==> INFO: Starting up... [in run.py:20]
#### 2015-08-24 22:37:49,594 ==> ERROR: 'File20150601222047538.jpg' cannot be sent because it does not exist in 'photos'. Is database ok? [in views.py:172]
#### 2015-08-24 22:37:49,598 ==> ERROR: 'File20150601222047546.jpg' cannot be sent because it does not exist in 'photos'. Is database ok? [in views.py:172]
#### 2015-08-24 22:37:49,600 ==> ERROR: 'File20150601221311750.jpg' cannot be sent because it does not exist in 'photos'. Is database ok? [in views.py:172]
#### 2015-08-24 22:37:49,602 ==> ERROR: 'File20150601221059706.jpg' cannot be sent because it does not exist in 'photos'. Is database ok? [in views.py:172]
#### 2015-08-24 22:37:49,605 ==> ERROR: 'File20150601221115913.jpg' cannot be sent because it does not exist in 'photos'. Is database ok? [in views.py:172]
#### 2015-08-24 22:37:49,607 ==> ERROR: 'File20150601220546335.jpg' cannot be sent because it does not exist in 'photos'. Is database ok? [in views.py:172]
#### 2015-08-24 22:37:49,609 ==> ERROR: 'File20150601220546344.jpg' cannot be sent because it does not exist in 'photos'. Is database ok? [in views.py:172]
#### 2015-08-24 22:49:39,423 ==> INFO: Switching off.. [in run.py:29]
################
#### 2015-08-24 22:49:40,185 ==> INFO: Starting up... [in run.py:20]
#### 2015-08-24 22:53:27,498 ==> INFO: webreserved tried to access Area Riservata without permission [in decorators.py:19]
#### 2015-08-24 23:11:07,488 ==> INFO: Switching off.. [in run.py:29]
################
#### 2015-08-25 10:36:55,652 ==> INFO: Starting up... [in run.py:20]
#### 2015-08-25 10:36:57,695 ==> ERROR: 'File20150601222047538.jpg' cannot be sent because it does not exist in 'photos'. Is database ok? [in views.py:172]
#### 2015-08-25 10:36:57,713 ==> ERROR: 'File20150601222047546.jpg' cannot be sent because it does not exist in 'photos'. Is database ok? [in views.py:172]
#### 2015-08-25 10:36:57,714 ==> ERROR: 'File20150601221311750.jpg' cannot be sent because it does not exist in 'photos'. Is database ok? [in views.py:172]
#### 2015-08-25 10:36:57,715 ==> ERROR: 'File20150601221059706.jpg' cannot be sent because it does not exist in 'photos'. Is database ok? [in views.py:172]
#### 2015-08-25 10:36:57,717 ==> ERROR: 'File20150601221115913.jpg' cannot be sent because it does not exist in 'photos'. Is database ok? [in views.py:172]
#### 2015-08-25 10:36:57,718 ==> ERROR: 'File20150601220546335.jpg' cannot be sent because it does not exist in 'photos'. Is database ok? [in views.py:172]
#### 2015-08-25 10:36:57,719 ==> ERROR: 'File20150601220546344.jpg' cannot be sent because it does not exist in 'photos'. Is database ok? [in views.py:172]
#### 2015-08-25 10:37:21,616 ==> ERROR: 'File20150601222047538.jpg' cannot be sent because it does not exist in 'photos'. Is database ok? [in views.py:172]
#### 2015-08-25 10:37:21,627 ==> ERROR: 'File20150601222047546.jpg' cannot be sent because it does not exist in 'photos'. Is database ok? [in views.py:172]
#### 2015-08-25 10:37:21,629 ==> ERROR: 'File20150601221311750.jpg' cannot be sent because it does not exist in 'photos'. Is database ok? [in views.py:172]
#### 2015-08-25 10:37:21,631 ==> ERROR: 'File20150601221059706.jpg' cannot be sent because it does not exist in 'photos'. Is database ok? [in views.py:172]
#### 2015-08-25 10:37:21,633 ==> ERROR: 'File20150601221115913.jpg' cannot be sent because it does not exist in 'photos'. Is database ok? [in views.py:172]
#### 2015-08-25 10:37:21,634 ==> ERROR: 'File20150601220546335.jpg' cannot be sent because it does not exist in 'photos'. Is database ok? [in views.py:172]
#### 2015-08-25 10:37:21,636 ==> ERROR: 'File20150601220546344.jpg' cannot be sent because it does not exist in 'photos'. Is database ok? [in views.py:172]
#### 2015-08-25 10:38:05,887 ==> ERROR: 'File20150601222047538.jpg' cannot be sent because it does not exist in 'photos'. Is database ok? [in views.py:172]
#### 2015-08-25 10:38:05,888 ==> ERROR: 'File20150601222047546.jpg' cannot be sent because it does not exist in 'photos'. Is database ok? [in views.py:172]
#### 2015-08-25 10:38:05,890 ==> ERROR: 'File20150601221311750.jpg' cannot be sent because it does not exist in 'photos'. Is database ok? [in views.py:172]
#### 2015-08-25 10:38:05,900 ==> ERROR: 'File20150601221059706.jpg' cannot be sent because it does not exist in 'photos'. Is database ok? [in views.py:172]
#### 2015-08-25 10:38:05,901 ==> ERROR: 'File20150601221115913.jpg' cannot be sent because it does not exist in 'photos'. Is database ok? [in views.py:172]
#### 2015-08-25 10:38:05,903 ==> ERROR: 'File20150601220546335.jpg' cannot be sent because it does not exist in 'photos'. Is database ok? [in views.py:172]
#### 2015-08-25 10:38:05,905 ==> ERROR: 'File20150601220546344.jpg' cannot be sent because it does not exist in 'photos'. Is database ok? [in views.py:172]
#### 2015-08-25 10:38:36,948 ==> ERROR: 'File20150601222047538.jpg' cannot be sent because it does not exist in 'photos'. Is database ok? [in views.py:172]
#### 2015-08-25 10:38:36,950 ==> ERROR: 'File20150601222047546.jpg' cannot be sent because it does not exist in 'photos'. Is database ok? [in views.py:172]
#### 2015-08-25 10:38:36,951 ==> ERROR: 'File20150601221311750.jpg' cannot be sent because it does not exist in 'photos'. Is database ok? [in views.py:172]
#### 2015-08-25 10:38:36,953 ==> ERROR: 'File20150601221059706.jpg' cannot be sent because it does not exist in 'photos'. Is database ok? [in views.py:172]
#### 2015-08-25 10:38:36,954 ==> ERROR: 'File20150601221115913.jpg' cannot be sent because it does not exist in 'photos'. Is database ok? [in views.py:172]
#### 2015-08-25 10:38:36,956 ==> ERROR: 'File20150601220546335.jpg' cannot be sent because it does not exist in 'photos'. Is database ok? [in views.py:172]
#### 2015-08-25 10:38:36,957 ==> ERROR: 'File20150601220546344.jpg' cannot be sent because it does not exist in 'photos'. Is database ok? [in views.py:172]
#### 2015-08-25 10:38:40,392 ==> ERROR: 'File20150601222047538.jpg' cannot be sent because it does not exist in 'photos'. Is database ok? [in views.py:172]
#### 2015-08-25 10:38:40,396 ==> ERROR: 'File20150601222047546.jpg' cannot be sent because it does not exist in 'photos'. Is database ok? [in views.py:172]
#### 2015-08-25 10:38:40,397 ==> ERROR: 'File20150601221311750.jpg' cannot be sent because it does not exist in 'photos'. Is database ok? [in views.py:172]
#### 2015-08-25 10:38:40,398 ==> ERROR: 'File20150601221059706.jpg' cannot be sent because it does not exist in 'photos'. Is database ok? [in views.py:172]
#### 2015-08-25 10:38:40,400 ==> ERROR: 'File20150601221115913.jpg' cannot be sent because it does not exist in 'photos'. Is database ok? [in views.py:172]
#### 2015-08-25 10:38:40,402 ==> ERROR: 'File20150601220546335.jpg' cannot be sent because it does not exist in 'photos'. Is database ok? [in views.py:172]
#### 2015-08-25 10:38:40,403 ==> ERROR: 'File20150601220546344.jpg' cannot be sent because it does not exist in 'photos'. Is database ok? [in views.py:172]
#### 2015-08-25 10:39:07,918 ==> ERROR: 'File20150601222047538.jpg' cannot be sent because it does not exist in 'photos'. Is database ok? [in views.py:172]
#### 2015-08-25 10:39:07,920 ==> ERROR: 'File20150601222047546.jpg' cannot be sent because it does not exist in 'photos'. Is database ok? [in views.py:172]
#### 2015-08-25 10:39:07,922 ==> ERROR: 'File20150601221311750.jpg' cannot be sent because it does not exist in 'photos'. Is database ok? [in views.py:172]
#### 2015-08-25 10:39:07,923 ==> ERROR: 'File20150601221059706.jpg' cannot be sent because it does not exist in 'photos'. Is database ok? [in views.py:172]
#### 2015-08-25 10:39:07,925 ==> ERROR: 'File20150601221115913.jpg' cannot be sent because it does not exist in 'photos'. Is database ok? [in views.py:172]
#### 2015-08-25 10:39:07,931 ==> ERROR: 'File20150601220546335.jpg' cannot be sent because it does not exist in 'photos'. Is database ok? [in views.py:172]
#### 2015-08-25 10:39:07,933 ==> ERROR: 'File20150601220546344.jpg' cannot be sent because it does not exist in 'photos'. Is database ok? [in views.py:172]
#### 2015-08-25 10:39:11,623 ==> ERROR: 'File20150601222047538.jpg' cannot be sent because it does not exist in 'photos'. Is database ok? [in views.py:172]
#### 2015-08-25 10:39:11,624 ==> ERROR: 'File20150601222047546.jpg' cannot be sent because it does not exist in 'photos'. Is database ok? [in views.py:172]
#### 2015-08-25 10:39:11,635 ==> ERROR: 'File20150601221311750.jpg' cannot be sent because it does not exist in 'photos'. Is database ok? [in views.py:172]
#### 2015-08-25 10:39:11,637 ==> ERROR: 'File20150601221059706.jpg' cannot be sent because it does not exist in 'photos'. Is database ok? [in views.py:172]
#### 2015-08-25 10:39:11,639 ==> ERROR: 'File20150601221115913.jpg' cannot be sent because it does not exist in 'photos'. Is database ok? [in views.py:172]
#### 2015-08-25 10:39:11,640 ==> ERROR: 'File20150601220546335.jpg' cannot be sent because it does not exist in 'photos'. Is database ok? [in views.py:172]
#### 2015-08-25 10:39:11,642 ==> ERROR: 'File20150601220546344.jpg' cannot be sent because it does not exist in 'photos'. Is database ok? [in views.py:172]
#### 2015-08-25 11:22:15,571 ==> INFO: Switching off.. [in run.py:29]
################
#### 2015-08-25 11:49:52,663 ==> INFO: Starting up... [in run.py:20]
#### 2015-08-25 12:03:40,989 ==> ERROR: 'File20150601222047538.jpg' cannot be sent because it does not exist in 'photos'. Is database ok? [in views.py:172]
#### 2015-08-25 12:03:40,992 ==> ERROR: 'File20150601222047546.jpg' cannot be sent because it does not exist in 'photos'. Is database ok? [in views.py:172]
#### 2015-08-25 12:03:40,994 ==> ERROR: 'File20150601221311750.jpg' cannot be sent because it does not exist in 'photos'. Is database ok? [in views.py:172]
#### 2015-08-25 12:03:40,996 ==> ERROR: 'File20150601221059706.jpg' cannot be sent because it does not exist in 'photos'. Is database ok? [in views.py:172]
#### 2015-08-25 12:03:40,998 ==> ERROR: 'File20150601221115913.jpg' cannot be sent because it does not exist in 'photos'. Is database ok? [in views.py:172]
#### 2015-08-25 12:03:40,999 ==> ERROR: 'File20150601220546335.jpg' cannot be sent because it does not exist in 'photos'. Is database ok? [in views.py:172]
#### 2015-08-25 12:03:41,001 ==> ERROR: 'File20150601220546344.jpg' cannot be sent because it does not exist in 'photos'. Is database ok? [in views.py:172]
#### 2015-08-25 12:03:47,937 ==> ERROR: 'File20150601222047538.jpg' cannot be sent because it does not exist in 'photos'. Is database ok? [in views.py:172]
#### 2015-08-25 12:03:47,939 ==> ERROR: 'File20150601222047546.jpg' cannot be sent because it does not exist in 'photos'. Is database ok? [in views.py:172]
#### 2015-08-25 12:03:47,941 ==> ERROR: 'File20150601221311750.jpg' cannot be sent because it does not exist in 'photos'. Is database ok? [in views.py:172]
#### 2015-08-25 12:03:47,943 ==> ERROR: 'File20150601221059706.jpg' cannot be sent because it does not exist in 'photos'. Is database ok? [in views.py:172]
#### 2015-08-25 12:03:47,945 ==> ERROR: 'File20150601221115913.jpg' cannot be sent because it does not exist in 'photos'. Is database ok? [in views.py:172]
#### 2015-08-25 12:03:47,946 ==> ERROR: 'File20150601220546335.jpg' cannot be sent because it does not exist in 'photos'. Is database ok? [in views.py:172]
#### 2015-08-25 12:03:47,948 ==> ERROR: 'File20150601220546344.jpg' cannot be sent because it does not exist in 'photos'. Is database ok? [in views.py:172]
#### 2015-08-25 12:03:54,779 ==> ERROR: 'File20150601222047538.jpg' cannot be sent because it does not exist in 'photos'. Is database ok? [in views.py:172]
#### 2015-08-25 12:03:54,781 ==> ERROR: 'File20150601222047546.jpg' cannot be sent because it does not exist in 'photos'. Is database ok? [in views.py:172]
#### 2015-08-25 12:03:54,783 ==> ERROR: 'File20150601221311750.jpg' cannot be sent because it does not exist in 'photos'. Is database ok? [in views.py:172]
#### 2015-08-25 12:03:54,784 ==> ERROR: 'File20150601221059706.jpg' cannot be sent because it does not exist in 'photos'. Is database ok? [in views.py:172]
#### 2015-08-25 12:03:54,786 ==> ERROR: 'File20150601221115913.jpg' cannot be sent because it does not exist in 'photos'. Is database ok? [in views.py:172]
#### 2015-08-25 12:03:54,788 ==> ERROR: 'File20150601220546335.jpg' cannot be sent because it does not exist in 'photos'. Is database ok? [in views.py:172]
#### 2015-08-25 12:03:54,789 ==> ERROR: 'File20150601220546344.jpg' cannot be sent because it does not exist in 'photos'. Is database ok? [in views.py:172]
#### 2015-08-25 12:03:58,028 ==> ERROR: 'File20150601222047538.jpg' cannot be sent because it does not exist in 'photos'. Is database ok? [in views.py:172]
#### 2015-08-25 12:03:58,030 ==> ERROR: 'File20150601222047546.jpg' cannot be sent because it does not exist in 'photos'. Is database ok? [in views.py:172]
#### 2015-08-25 12:03:58,032 ==> ERROR: 'File20150601221311750.jpg' cannot be sent because it does not exist in 'photos'. Is database ok? [in views.py:172]
#### 2015-08-25 12:03:58,033 ==> ERROR: 'File20150601221059706.jpg' cannot be sent because it does not exist in 'photos'. Is database ok? [in views.py:172]
#### 2015-08-25 12:03:58,035 ==> ERROR: 'File20150601221115913.jpg' cannot be sent because it does not exist in 'photos'. Is database ok? [in views.py:172]
#### 2015-08-25 12:03:58,037 ==> ERROR: 'File20150601220546335.jpg' cannot be sent because it does not exist in 'photos'. Is database ok? [in views.py:172]
#### 2015-08-25 12:03:58,038 ==> ERROR: 'File20150601220546344.jpg' cannot be sent because it does not exist in 'photos'. Is database ok? [in views.py:172]
#### 2015-08-25 12:04:52,943 ==> ERROR: 'File20150601222047538.jpg' cannot be sent because it does not exist in 'photos'. Is database ok? [in views.py:172]
#### 2015-08-25 12:04:52,944 ==> ERROR: 'File20150601222047546.jpg' cannot be sent because it does not exist in 'photos'. Is database ok? [in views.py:172]
#### 2015-08-25 12:04:52,945 ==> ERROR: 'File20150601221311750.jpg' cannot be sent because it does not exist in 'photos'. Is database ok? [in views.py:172]
#### 2015-08-25 12:04:52,947 ==> ERROR: 'File20150601221059706.jpg' cannot be sent because it does not exist in 'photos'. Is database ok? [in views.py:172]
#### 2015-08-25 12:04:52,948 ==> ERROR: 'File20150601221115913.jpg' cannot be sent because it does not exist in 'photos'. Is database ok? [in views.py:172]
#### 2015-08-25 12:04:52,949 ==> ERROR: 'File20150601220546335.jpg' cannot be sent because it does not exist in 'photos'. Is database ok? [in views.py:172]
#### 2015-08-25 12:04:52,952 ==> ERROR: 'File20150601220546344.jpg' cannot be sent because it does not exist in 'photos'. Is database ok? [in views.py:172]
#### 2015-08-25 12:04:54,754 ==> ERROR: 'File20150601222047538.jpg' cannot be sent because it does not exist in 'photos'. Is database ok? [in views.py:172]
#### 2015-08-25 12:04:54,756 ==> ERROR: 'File20150601222047546.jpg' cannot be sent because it does not exist in 'photos'. Is database ok? [in views.py:172]
#### 2015-08-25 12:04:54,759 ==> ERROR: 'File20150601221311750.jpg' cannot be sent because it does not exist in 'photos'. Is database ok? [in views.py:172]
#### 2015-08-25 12:04:54,765 ==> ERROR: 'File20150601221059706.jpg' cannot be sent because it does not exist in 'photos'. Is database ok? [in views.py:172]
#### 2015-08-25 12:04:54,766 ==> ERROR: 'File20150601221115913.jpg' cannot be sent because it does not exist in 'photos'. Is database ok? [in views.py:172]
#### 2015-08-25 12:04:54,768 ==> ERROR: 'File20150601220546335.jpg' cannot be sent because it does not exist in 'photos'. Is database ok? [in views.py:172]
#### 2015-08-25 12:04:54,770 ==> ERROR: 'File20150601220546344.jpg' cannot be sent because it does not exist in 'photos'. Is database ok? [in views.py:172]
#### 2015-08-25 12:05:30,471 ==> ERROR: 'File20150601222047538.jpg' cannot be sent because it does not exist in 'photos'. Is database ok? [in views.py:172]
#### 2015-08-25 12:05:30,473 ==> ERROR: 'File20150601222047546.jpg' cannot be sent because it does not exist in 'photos'. Is database ok? [in views.py:172]
#### 2015-08-25 12:05:30,475 ==> ERROR: 'File20150601221311750.jpg' cannot be sent because it does not exist in 'photos'. Is database ok? [in views.py:172]
#### 2015-08-25 12:05:30,480 ==> ERROR: 'File20150601221059706.jpg' cannot be sent because it does not exist in 'photos'. Is database ok? [in views.py:172]
#### 2015-08-25 12:05:30,481 ==> ERROR: 'File20150601221115913.jpg' cannot be sent because it does not exist in 'photos'. Is database ok? [in views.py:172]
#### 2015-08-25 12:05:30,483 ==> ERROR: 'File20150601220546335.jpg' cannot be sent because it does not exist in 'photos'. Is database ok? [in views.py:172]
#### 2015-08-25 12:05:30,485 ==> ERROR: 'File20150601220546344.jpg' cannot be sent because it does not exist in 'photos'. Is database ok? [in views.py:172]
#### 2015-08-25 12:05:51,728 ==> ERROR: 'File20150601222047538.jpg' cannot be sent because it does not exist in 'photos'. Is database ok? [in views.py:172]
#### 2015-08-25 12:05:51,730 ==> ERROR: 'File20150601222047546.jpg' cannot be sent because it does not exist in 'photos'. Is database ok? [in views.py:172]
#### 2015-08-25 12:05:51,731 ==> ERROR: 'File20150601221311750.jpg' cannot be sent because it does not exist in 'photos'. Is database ok? [in views.py:172]
#### 2015-08-25 12:05:51,733 ==> ERROR: 'File20150601221059706.jpg' cannot be sent because it does not exist in 'photos'. Is database ok? [in views.py:172]
#### 2015-08-25 12:05:51,738 ==> ERROR: 'File20150601221115913.jpg' cannot be sent because it does not exist in 'photos'. Is database ok? [in views.py:172]
#### 2015-08-25 12:05:51,740 ==> ERROR: 'File20150601220546335.jpg' cannot be sent because it does not exist in 'photos'. Is database ok? [in views.py:172]
#### 2015-08-25 12:05:51,741 ==> ERROR: 'File20150601220546344.jpg' cannot be sent because it does not exist in 'photos'. Is database ok? [in views.py:172]
#### 2015-08-25 12:06:05,728 ==> ERROR: 'File20150601222047538.jpg' cannot be sent because it does not exist in 'photos'. Is database ok? [in views.py:172]
#### 2015-08-25 12:06:05,730 ==> ERROR: 'File20150601222047546.jpg' cannot be sent because it does not exist in 'photos'. Is database ok? [in views.py:172]
#### 2015-08-25 12:06:05,732 ==> ERROR: 'File20150601221311750.jpg' cannot be sent because it does not exist in 'photos'. Is database ok? [in views.py:172]
#### 2015-08-25 12:06:05,734 ==> ERROR: 'File20150601221059706.jpg' cannot be sent because it does not exist in 'photos'. Is database ok? [in views.py:172]
#### 2015-08-25 12:06:05,736 ==> ERROR: 'File20150601221115913.jpg' cannot be sent because it does not exist in 'photos'. Is database ok? [in views.py:172]
#### 2015-08-25 12:06:05,738 ==> ERROR: 'File20150601220546335.jpg' cannot be sent because it does not exist in 'photos'. Is database ok? [in views.py:172]
#### 2015-08-25 12:06:05,743 ==> ERROR: 'File20150601220546344.jpg' cannot be sent because it does not exist in 'photos'. Is database ok? [in views.py:172]
#### 2015-08-25 12:06:26,662 ==> ERROR: 'File20150601222047538.jpg' cannot be sent because it does not exist in 'photos'. Is database ok? [in views.py:172]
#### 2015-08-25 12:06:26,663 ==> ERROR: 'File20150601222047546.jpg' cannot be sent because it does not exist in 'photos'. Is database ok? [in views.py:172]
#### 2015-08-25 12:06:26,667 ==> ERROR: 'File20150601221311750.jpg' cannot be sent because it does not exist in 'photos'. Is database ok? [in views.py:172]
#### 2015-08-25 12:06:26,668 ==> ERROR: 'File20150601221059706.jpg' cannot be sent because it does not exist in 'photos'. Is database ok? [in views.py:172]
#### 2015-08-25 12:06:26,673 ==> ERROR: 'File20150601221115913.jpg' cannot be sent because it does not exist in 'photos'. Is database ok? [in views.py:172]
#### 2015-08-25 12:06:26,675 ==> ERROR: 'File20150601220546335.jpg' cannot be sent because it does not exist in 'photos'. Is database ok? [in views.py:172]
#### 2015-08-25 12:06:26,677 ==> ERROR: 'File20150601220546344.jpg' cannot be sent because it does not exist in 'photos'. Is database ok? [in views.py:172]
#### 2015-08-25 12:06:57,211 ==> ERROR: 'File20150601222047538.jpg' cannot be sent because it does not exist in 'photos'. Is database ok? [in views.py:172]
#### 2015-08-25 12:06:57,212 ==> ERROR: 'File20150601222047546.jpg' cannot be sent because it does not exist in 'photos'. Is database ok? [in views.py:172]
#### 2015-08-25 12:06:57,214 ==> ERROR: 'File20150601221311750.jpg' cannot be sent because it does not exist in 'photos'. Is database ok? [in views.py:172]
#### 2015-08-25 12:06:57,215 ==> ERROR: 'File20150601221059706.jpg' cannot be sent because it does not exist in 'photos'. Is database ok? [in views.py:172]
#### 2015-08-25 12:06:57,222 ==> ERROR: 'File20150601221115913.jpg' cannot be sent because it does not exist in 'photos'. Is database ok? [in views.py:172]
#### 2015-08-25 12:06:57,223 ==> ERROR: 'File20150601220546335.jpg' cannot be sent because it does not exist in 'photos'. Is database ok? [in views.py:172]
#### 2015-08-25 12:06:57,225 ==> ERROR: 'File20150601220546344.jpg' cannot be sent because it does not exist in 'photos'. Is database ok? [in views.py:172]
#### 2015-08-25 12:07:24,029 ==> ERROR: 'File20150601222047538.jpg' cannot be sent because it does not exist in 'photos'. Is database ok? [in views.py:172]
#### 2015-08-25 12:07:24,031 ==> ERROR: 'File20150601222047546.jpg' cannot be sent because it does not exist in 'photos'. Is database ok? [in views.py:172]
#### 2015-08-25 12:07:24,032 ==> ERROR: 'File20150601221311750.jpg' cannot be sent because it does not exist in 'photos'. Is database ok? [in views.py:172]
#### 2015-08-25 12:07:24,034 ==> ERROR: 'File20150601221059706.jpg' cannot be sent because it does not exist in 'photos'. Is database ok? [in views.py:172]
#### 2015-08-25 12:07:24,039 ==> ERROR: 'File20150601221115913.jpg' cannot be sent because it does not exist in 'photos'. Is database ok? [in views.py:172]
#### 2015-08-25 12:07:24,041 ==> ERROR: 'File20150601220546335.jpg' cannot be sent because it does not exist in 'photos'. Is database ok? [in views.py:172]
#### 2015-08-25 12:07:24,042 ==> ERROR: 'File20150601220546344.jpg' cannot be sent because it does not exist in 'photos'. Is database ok? [in views.py:172]
#### 2015-08-25 12:07:54,822 ==> ERROR: 'File20150601222047538.jpg' cannot be sent because it does not exist in 'photos'. Is database ok? [in views.py:172]
#### 2015-08-25 12:07:54,824 ==> ERROR: 'File20150601222047546.jpg' cannot be sent because it does not exist in 'photos'. Is database ok? [in views.py:172]
#### 2015-08-25 12:07:54,826 ==> ERROR: 'File20150601221311750.jpg' cannot be sent because it does not exist in 'photos'. Is database ok? [in views.py:172]
#### 2015-08-25 12:07:54,828 ==> ERROR: 'File20150601221059706.jpg' cannot be sent because it does not exist in 'photos'. Is database ok? [in views.py:172]
#### 2015-08-25 12:07:54,833 ==> ERROR: 'File20150601221115913.jpg' cannot be sent because it does not exist in 'photos'. Is database ok? [in views.py:172]
#### 2015-08-25 12:07:54,835 ==> ERROR: 'File20150601220546335.jpg' cannot be sent because it does not exist in 'photos'. Is database ok? [in views.py:172]
#### 2015-08-25 12:07:54,837 ==> ERROR: 'File20150601220546344.jpg' cannot be sent because it does not exist in 'photos'. Is database ok? [in views.py:172]
#### 2015-08-25 12:09:46,486 ==> ERROR: 'File20150601222047538.jpg' cannot be sent because it does not exist in 'photos'. Is database ok? [in views.py:172]
#### 2015-08-25 12:09:46,487 ==> ERROR: 'File20150601222047546.jpg' cannot be sent because it does not exist in 'photos'. Is database ok? [in views.py:172]
#### 2015-08-25 12:09:46,489 ==> ERROR: 'File20150601221311750.jpg' cannot be sent because it does not exist in 'photos'. Is database ok? [in views.py:172]
#### 2015-08-25 12:09:46,490 ==> ERROR: 'File20150601221059706.jpg' cannot be sent because it does not exist in 'photos'. Is database ok? [in views.py:172]
#### 2015-08-25 12:09:46,494 ==> ERROR: 'File20150601221115913.jpg' cannot be sent because it does not exist in 'photos'. Is database ok? [in views.py:172]
#### 2015-08-25 12:09:46,496 ==> ERROR: 'File20150601220546335.jpg' cannot be sent because it does not exist in 'photos'. Is database ok? [in views.py:172]
#### 2015-08-25 12:09:46,498 ==> ERROR: 'File20150601220546344.jpg' cannot be sent because it does not exist in 'photos'. Is database ok? [in views.py:172]
#### 2015-08-25 12:10:18,051 ==> ERROR: 'File20150601222047538.jpg' cannot be sent because it does not exist in 'photos'. Is database ok? [in views.py:172]
#### 2015-08-25 12:10:18,053 ==> ERROR: 'File20150601222047546.jpg' cannot be sent because it does not exist in 'photos'. Is database ok? [in views.py:172]
#### 2015-08-25 12:10:18,055 ==> ERROR: 'File20150601221311750.jpg' cannot be sent because it does not exist in 'photos'. Is database ok? [in views.py:172]
#### 2015-08-25 12:10:18,063 ==> ERROR: 'File20150601221059706.jpg' cannot be sent because it does not exist in 'photos'. Is database ok? [in views.py:172]
#### 2015-08-25 12:10:18,065 ==> ERROR: 'File20150601221115913.jpg' cannot be sent because it does not exist in 'photos'. Is database ok? [in views.py:172]
#### 2015-08-25 12:10:18,066 ==> ERROR: 'File20150601220546335.jpg' cannot be sent because it does not exist in 'photos'. Is database ok? [in views.py:172]
#### 2015-08-25 12:10:18,068 ==> ERROR: 'File20150601220546344.jpg' cannot be sent because it does not exist in 'photos'. Is database ok? [in views.py:172]
#### 2015-08-25 12:10:30,000 ==> ERROR: 'File20150601222047538.jpg' cannot be sent because it does not exist in 'photos'. Is database ok? [in views.py:172]
#### 2015-08-25 12:10:30,002 ==> ERROR: 'File20150601222047546.jpg' cannot be sent because it does not exist in 'photos'. Is database ok? [in views.py:172]
#### 2015-08-25 12:10:30,003 ==> ERROR: 'File20150601221311750.jpg' cannot be sent because it does not exist in 'photos'. Is database ok? [in views.py:172]
#### 2015-08-25 12:10:30,005 ==> ERROR: 'File20150601221059706.jpg' cannot be sent because it does not exist in 'photos'. Is database ok? [in views.py:172]
#### 2015-08-25 12:10:30,010 ==> ERROR: 'File20150601221115913.jpg' cannot be sent because it does not exist in 'photos'. Is database ok? [in views.py:172]
#### 2015-08-25 12:10:30,012 ==> ERROR: 'File20150601220546335.jpg' cannot be sent because it does not exist in 'photos'. Is database ok? [in views.py:172]
#### 2015-08-25 12:10:30,014 ==> ERROR: 'File20150601220546344.jpg' cannot be sent because it does not exist in 'photos'. Is database ok? [in views.py:172]
#### 2015-08-25 12:10:57,978 ==> ERROR: 'File20150601222047538.jpg' cannot be sent because it does not exist in 'photos'. Is database ok? [in views.py:172]
#### 2015-08-25 12:10:57,981 ==> ERROR: 'File20150601222047546.jpg' cannot be sent because it does not exist in 'photos'. Is database ok? [in views.py:172]
#### 2015-08-25 12:10:57,983 ==> ERROR: 'File20150601221311750.jpg' cannot be sent because it does not exist in 'photos'. Is database ok? [in views.py:172]
#### 2015-08-25 12:10:57,985 ==> ERROR: 'File20150601221059706.jpg' cannot be sent because it does not exist in 'photos'. Is database ok? [in views.py:172]
#### 2015-08-25 12:10:57,987 ==> ERROR: 'File20150601221115913.jpg' cannot be sent because it does not exist in 'photos'. Is database ok? [in views.py:172]
#### 2015-08-25 12:10:57,993 ==> ERROR: 'File20150601220546335.jpg' cannot be sent because it does not exist in 'photos'. Is database ok? [in views.py:172]
#### 2015-08-25 12:10:57,998 ==> ERROR: 'File20150601220546344.jpg' cannot be sent because it does not exist in 'photos'. Is database ok? [in views.py:172]
#### 2015-08-25 12:11:07,396 ==> ERROR: 'File20150601222047538.jpg' cannot be sent because it does not exist in 'photos'. Is database ok? [in views.py:172]
#### 2015-08-25 12:11:07,397 ==> ERROR: 'File20150601222047546.jpg' cannot be sent because it does not exist in 'photos'. Is database ok? [in views.py:172]
#### 2015-08-25 12:11:07,399 ==> ERROR: 'File20150601221311750.jpg' cannot be sent because it does not exist in 'photos'. Is database ok? [in views.py:172]
#### 2015-08-25 12:11:07,403 ==> ERROR: 'File20150601221059706.jpg' cannot be sent because it does not exist in 'photos'. Is database ok? [in views.py:172]
#### 2015-08-25 12:11:07,407 ==> ERROR: 'File20150601221115913.jpg' cannot be sent because it does not exist in 'photos'. Is database ok? [in views.py:172]
#### 2015-08-25 12:11:07,408 ==> ERROR: 'File20150601220546335.jpg' cannot be sent because it does not exist in 'photos'. Is database ok? [in views.py:172]
#### 2015-08-25 12:11:07,410 ==> ERROR: 'File20150601220546344.jpg' cannot be sent because it does not exist in 'photos'. Is database ok? [in views.py:172]
#### 2015-08-25 12:11:34,264 ==> ERROR: 'File20150601222047538.jpg' cannot be sent because it does not exist in 'photos'. Is database ok? [in views.py:172]
#### 2015-08-25 12:11:34,266 ==> ERROR: 'File20150601222047546.jpg' cannot be sent because it does not exist in 'photos'. Is database ok? [in views.py:172]
#### 2015-08-25 12:11:34,268 ==> ERROR: 'File20150601221311750.jpg' cannot be sent because it does not exist in 'photos'. Is database ok? [in views.py:172]
#### 2015-08-25 12:11:34,272 ==> ERROR: 'File20150601221059706.jpg' cannot be sent because it does not exist in 'photos'. Is database ok? [in views.py:172]
#### 2015-08-25 12:11:34,274 ==> ERROR: 'File20150601221115913.jpg' cannot be sent because it does not exist in 'photos'. Is database ok? [in views.py:172]
#### 2015-08-25 12:11:34,276 ==> ERROR: 'File20150601220546335.jpg' cannot be sent because it does not exist in 'photos'. Is database ok? [in views.py:172]
#### 2015-08-25 12:11:34,278 ==> ERROR: 'File20150601220546344.jpg' cannot be sent because it does not exist in 'photos'. Is database ok? [in views.py:172]
#### 2015-08-25 12:26:55,588 ==> INFO: Switching off.. [in run.py:29]
################
#### 2015-08-25 13:36:34,934 ==> INFO: Starting up... [in run.py:20]
#### 2015-08-25 14:03:46,981 ==> ERROR: 'File20150601222047538.jpg' cannot be sent because it does not exist in 'photos'. Is database ok? [in views.py:172]
#### 2015-08-25 14:03:47,018 ==> ERROR: 'File20150601222047546.jpg' cannot be sent because it does not exist in 'photos'. Is database ok? [in views.py:172]
#### 2015-08-25 14:03:47,019 ==> ERROR: 'File20150601221311750.jpg' cannot be sent because it does not exist in 'photos'. Is database ok? [in views.py:172]
#### 2015-08-25 14:03:47,020 ==> ERROR: 'File20150601221059706.jpg' cannot be sent because it does not exist in 'photos'. Is database ok? [in views.py:172]
#### 2015-08-25 14:03:47,021 ==> ERROR: 'File20150601221115913.jpg' cannot be sent because it does not exist in 'photos'. Is database ok? [in views.py:172]
#### 2015-08-25 14:03:47,023 ==> ERROR: 'File20150601220546335.jpg' cannot be sent because it does not exist in 'photos'. Is database ok? [in views.py:172]
#### 2015-08-25 14:03:47,024 ==> ERROR: 'File20150601220546344.jpg' cannot be sent because it does not exist in 'photos'. Is database ok? [in views.py:172]
#### 2015-08-25 14:03:57,242 ==> ERROR: 'File20150601222047538.jpg' cannot be sent because it does not exist in 'photos'. Is database ok? [in views.py:172]
#### 2015-08-25 14:03:57,244 ==> ERROR: 'File20150601222047546.jpg' cannot be sent because it does not exist in 'photos'. Is database ok? [in views.py:172]
#### 2015-08-25 14:03:57,245 ==> ERROR: 'File20150601221311750.jpg' cannot be sent because it does not exist in 'photos'. Is database ok? [in views.py:172]
#### 2015-08-25 14:03:57,250 ==> ERROR: 'File20150601221059706.jpg' cannot be sent because it does not exist in 'photos'. Is database ok? [in views.py:172]
#### 2015-08-25 14:03:57,252 ==> ERROR: 'File20150601221115913.jpg' cannot be sent because it does not exist in 'photos'. Is database ok? [in views.py:172]
#### 2015-08-25 14:03:57,253 ==> ERROR: 'File20150601220546335.jpg' cannot be sent because it does not exist in 'photos'. Is database ok? [in views.py:172]
#### 2015-08-25 14:03:57,255 ==> ERROR: 'File20150601220546344.jpg' cannot be sent because it does not exist in 'photos'. Is database ok? [in views.py:172]
#### 2015-08-25 14:26:59,650 ==> ERROR: 'File20150601222047538.jpg' cannot be sent because it does not exist in 'photos'. Is database ok? [in views.py:172]
#### 2015-08-25 14:26:59,652 ==> ERROR: 'File20150601222047546.jpg' cannot be sent because it does not exist in 'photos'. Is database ok? [in views.py:172]
#### 2015-08-25 14:26:59,653 ==> ERROR: 'File20150601221311750.jpg' cannot be sent because it does not exist in 'photos'. Is database ok? [in views.py:172]
#### 2015-08-25 14:26:59,655 ==> ERROR: 'File20150601221059706.jpg' cannot be sent because it does not exist in 'photos'. Is database ok? [in views.py:172]
#### 2015-08-25 14:26:59,657 ==> ERROR: 'File20150601221115913.jpg' cannot be sent because it does not exist in 'photos'. Is database ok? [in views.py:172]
#### 2015-08-25 14:26:59,658 ==> ERROR: 'File20150601220546335.jpg' cannot be sent because it does not exist in 'photos'. Is database ok? [in views.py:172]
#### 2015-08-25 14:26:59,660 ==> ERROR: 'File20150601220546344.jpg' cannot be sent because it does not exist in 'photos'. Is database ok? [in views.py:172]
#### 2015-08-25 14:28:42,481 ==> ERROR: 'File20150601222047538.jpg' cannot be sent because it does not exist in 'photos'. Is database ok? [in views.py:172]
#### 2015-08-25 14:28:42,482 ==> ERROR: 'File20150601222047546.jpg' cannot be sent because it does not exist in 'photos'. Is database ok? [in views.py:172]
#### 2015-08-25 14:28:42,483 ==> ERROR: 'File20150601221311750.jpg' cannot be sent because it does not exist in 'photos'. Is database ok? [in views.py:172]
#### 2015-08-25 14:28:42,484 ==> ERROR: 'File20150601221059706.jpg' cannot be sent because it does not exist in 'photos'. Is database ok? [in views.py:172]
#### 2015-08-25 14:28:42,486 ==> ERROR: 'File20150601221115913.jpg' cannot be sent because it does not exist in 'photos'. Is database ok? [in views.py:172]
#### 2015-08-25 14:28:42,487 ==> ERROR: 'File20150601220546335.jpg' cannot be sent because it does not exist in 'photos'. Is database ok? [in views.py:172]
#### 2015-08-25 14:28:42,490 ==> ERROR: 'File20150601220546344.jpg' cannot be sent because it does not exist in 'photos'. Is database ok? [in views.py:172]
#### 2015-08-25 14:28:55,363 ==> ERROR: 'File20150601222047538.jpg' cannot be sent because it does not exist in 'photos'. Is database ok? [in views.py:172]
#### 2015-08-25 14:28:55,365 ==> ERROR: 'File20150601222047546.jpg' cannot be sent because it does not exist in 'photos'. Is database ok? [in views.py:172]
#### 2015-08-25 14:28:55,367 ==> ERROR: 'File20150601221311750.jpg' cannot be sent because it does not exist in 'photos'. Is database ok? [in views.py:172]
#### 2015-08-25 14:28:55,369 ==> ERROR: 'File20150601221059706.jpg' cannot be sent because it does not exist in 'photos'. Is database ok? [in views.py:172]
#### 2015-08-25 14:28:55,370 ==> ERROR: 'File20150601221115913.jpg' cannot be sent because it does not exist in 'photos'. Is database ok? [in views.py:172]
#### 2015-08-25 14:28:55,372 ==> ERROR: 'File20150601220546335.jpg' cannot be sent because it does not exist in 'photos'. Is database ok? [in views.py:172]
#### 2015-08-25 14:28:55,373 ==> ERROR: 'File20150601220546344.jpg' cannot be sent because it does not exist in 'photos'. Is database ok? [in views.py:172]
#### 2015-08-25 14:28:59,155 ==> ERROR: 'File20150601222047538.jpg' cannot be sent because it does not exist in 'photos'. Is database ok? [in views.py:172]
#### 2015-08-25 14:28:59,157 ==> ERROR: 'File20150601222047546.jpg' cannot be sent because it does not exist in 'photos'. Is database ok? [in views.py:172]
#### 2015-08-25 14:28:59,158 ==> ERROR: 'File20150601221311750.jpg' cannot be sent because it does not exist in 'photos'. Is database ok? [in views.py:172]
#### 2015-08-25 14:28:59,159 ==> ERROR: 'File20150601221059706.jpg' cannot be sent because it does not exist in 'photos'. Is database ok? [in views.py:172]
#### 2015-08-25 14:28:59,161 ==> ERROR: 'File20150601221115913.jpg' cannot be sent because it does not exist in 'photos'. Is database ok? [in views.py:172]
#### 2015-08-25 14:28:59,164 ==> ERROR: 'File20150601220546335.jpg' cannot be sent because it does not exist in 'photos'. Is database ok? [in views.py:172]
#### 2015-08-25 14:28:59,166 ==> ERROR: 'File20150601220546344.jpg' cannot be sent because it does not exist in 'photos'. Is database ok? [in views.py:172]
#### 2015-08-25 14:29:26,217 ==> ERROR: 'File20150601222047538.jpg' cannot be sent because it does not exist in 'photos'. Is database ok? [in views.py:172]
#### 2015-08-25 14:29:26,219 ==> ERROR: 'File20150601222047546.jpg' cannot be sent because it does not exist in 'photos'. Is database ok? [in views.py:172]
#### 2015-08-25 14:29:26,220 ==> ERROR: 'File20150601221311750.jpg' cannot be sent because it does not exist in 'photos'. Is database ok? [in views.py:172]
#### 2015-08-25 14:29:26,222 ==> ERROR: 'File20150601221059706.jpg' cannot be sent because it does not exist in 'photos'. Is database ok? [in views.py:172]
#### 2015-08-25 14:29:26,225 ==> ERROR: 'File20150601221115913.jpg' cannot be sent because it does not exist in 'photos'. Is database ok? [in views.py:172]
#### 2015-08-25 14:29:26,227 ==> ERROR: 'File20150601220546335.jpg' cannot be sent because it does not exist in 'photos'. Is database ok? [in views.py:172]
#### 2015-08-25 14:29:26,229 ==> ERROR: 'File20150601220546344.jpg' cannot be sent because it does not exist in 'photos'. Is database ok? [in views.py:172]
#### 2015-08-25 14:31:58,273 ==> ERROR: 'File20150601222047538.jpg' cannot be sent because it does not exist in 'photos'. Is database ok? [in views.py:172]
#### 2015-08-25 14:31:58,274 ==> ERROR: 'File20150601222047546.jpg' cannot be sent because it does not exist in 'photos'. Is database ok? [in views.py:172]
#### 2015-08-25 14:31:58,284 ==> ERROR: 'File20150601221311750.jpg' cannot be sent because it does not exist in 'photos'. Is database ok? [in views.py:172]
#### 2015-08-25 14:31:58,287 ==> ERROR: 'File20150601221059706.jpg' cannot be sent because it does not exist in 'photos'. Is database ok? [in views.py:172]
#### 2015-08-25 14:31:58,289 ==> ERROR: 'File20150601221115913.jpg' cannot be sent because it does not exist in 'photos'. Is database ok? [in views.py:172]
#### 2015-08-25 14:31:58,290 ==> ERROR: 'File20150601220546335.jpg' cannot be sent because it does not exist in 'photos'. Is database ok? [in views.py:172]
#### 2015-08-25 14:31:58,292 ==> ERROR: 'File20150601220546344.jpg' cannot be sent because it does not exist in 'photos'. Is database ok? [in views.py:172]
#### 2015-08-25 14:32:16,948 ==> ERROR: 'File20150601222047538.jpg' cannot be sent because it does not exist in 'photos'. Is database ok? [in views.py:172]
#### 2015-08-25 14:32:16,950 ==> ERROR: 'File20150601222047546.jpg' cannot be sent because it does not exist in 'photos'. Is database ok? [in views.py:172]
#### 2015-08-25 14:32:16,951 ==> ERROR: 'File20150601221311750.jpg' cannot be sent because it does not exist in 'photos'. Is database ok? [in views.py:172]
#### 2015-08-25 14:32:16,953 ==> ERROR: 'File20150601221059706.jpg' cannot be sent because it does not exist in 'photos'. Is database ok? [in views.py:172]
#### 2015-08-25 14:32:16,957 ==> ERROR: 'File20150601221115913.jpg' cannot be sent because it does not exist in 'photos'. Is database ok? [in views.py:172]
#### 2015-08-25 14:32:16,959 ==> ERROR: 'File20150601220546335.jpg' cannot be sent because it does not exist in 'photos'. Is database ok? [in views.py:172]
#### 2015-08-25 14:32:16,961 ==> ERROR: 'File20150601220546344.jpg' cannot be sent because it does not exist in 'photos'. Is database ok? [in views.py:172]
#### 2015-08-25 14:32:32,431 ==> ERROR: 'File20150601222047538.jpg' cannot be sent because it does not exist in 'photos'. Is database ok? [in views.py:172]
#### 2015-08-25 14:32:32,433 ==> ERROR: 'File20150601222047546.jpg' cannot be sent because it does not exist in 'photos'. Is database ok? [in views.py:172]
#### 2015-08-25 14:32:32,439 ==> ERROR: 'File20150601221311750.jpg' cannot be sent because it does not exist in 'photos'. Is database ok? [in views.py:172]
#### 2015-08-25 14:32:32,444 ==> ERROR: 'File20150601221059706.jpg' cannot be sent because it does not exist in 'photos'. Is database ok? [in views.py:172]
#### 2015-08-25 14:32:32,446 ==> ERROR: 'File20150601221115913.jpg' cannot be sent because it does not exist in 'photos'. Is database ok? [in views.py:172]
#### 2015-08-25 14:32:32,448 ==> ERROR: 'File20150601220546335.jpg' cannot be sent because it does not exist in 'photos'. Is database ok? [in views.py:172]
#### 2015-08-25 14:32:32,449 ==> ERROR: 'File20150601220546344.jpg' cannot be sent because it does not exist in 'photos'. Is database ok? [in views.py:172]
#### 2015-08-25 14:32:46,356 ==> ERROR: 'File20150601222047538.jpg' cannot be sent because it does not exist in 'photos'. Is database ok? [in views.py:172]
#### 2015-08-25 14:32:46,358 ==> ERROR: 'File20150601222047546.jpg' cannot be sent because it does not exist in 'photos'. Is database ok? [in views.py:172]
#### 2015-08-25 14:32:46,360 ==> ERROR: 'File20150601221311750.jpg' cannot be sent because it does not exist in 'photos'. Is database ok? [in views.py:172]
#### 2015-08-25 14:32:46,365 ==> ERROR: 'File20150601221059706.jpg' cannot be sent because it does not exist in 'photos'. Is database ok? [in views.py:172]
#### 2015-08-25 14:32:46,366 ==> ERROR: 'File20150601221115913.jpg' cannot be sent because it does not exist in 'photos'. Is database ok? [in views.py:172]
#### 2015-08-25 14:32:46,368 ==> ERROR: 'File20150601220546335.jpg' cannot be sent because it does not exist in 'photos'. Is database ok? [in views.py:172]
#### 2015-08-25 14:32:46,370 ==> ERROR: 'File20150601220546344.jpg' cannot be sent because it does not exist in 'photos'. Is database ok? [in views.py:172]
#### 2015-08-25 14:33:06,640 ==> ERROR: 'File20150601222047538.jpg' cannot be sent because it does not exist in 'photos'. Is database ok? [in views.py:172]
#### 2015-08-25 14:33:06,641 ==> ERROR: 'File20150601222047546.jpg' cannot be sent because it does not exist in 'photos'. Is database ok? [in views.py:172]
#### 2015-08-25 14:33:06,644 ==> ERROR: 'File20150601221311750.jpg' cannot be sent because it does not exist in 'photos'. Is database ok? [in views.py:172]
#### 2015-08-25 14:33:06,645 ==> ERROR: 'File20150601221059706.jpg' cannot be sent because it does not exist in 'photos'. Is database ok? [in views.py:172]
#### 2015-08-25 14:33:06,646 ==> ERROR: 'File20150601221115913.jpg' cannot be sent because it does not exist in 'photos'. Is database ok? [in views.py:172]
#### 2015-08-25 14:33:06,652 ==> ERROR: 'File20150601220546335.jpg' cannot be sent because it does not exist in 'photos'. Is database ok? [in views.py:172]
#### 2015-08-25 14:33:06,653 ==> ERROR: 'File20150601220546344.jpg' cannot be sent because it does not exist in 'photos'. Is database ok? [in views.py:172]
#### 2015-08-25 14:33:15,518 ==> ERROR: 'File20150601222047538.jpg' cannot be sent because it does not exist in 'photos'. Is database ok? [in views.py:172]
#### 2015-08-25 14:33:15,519 ==> ERROR: 'File20150601222047546.jpg' cannot be sent because it does not exist in 'photos'. Is database ok? [in views.py:172]
#### 2015-08-25 14:33:15,521 ==> ERROR: 'File20150601221311750.jpg' cannot be sent because it does not exist in 'photos'. Is database ok? [in views.py:172]
#### 2015-08-25 14:33:15,522 ==> ERROR: 'File20150601221059706.jpg' cannot be sent because it does not exist in 'photos'. Is database ok? [in views.py:172]
#### 2015-08-25 14:33:15,526 ==> ERROR: 'File20150601221115913.jpg' cannot be sent because it does not exist in 'photos'. Is database ok? [in views.py:172]
#### 2015-08-25 14:33:15,528 ==> ERROR: 'File20150601220546335.jpg' cannot be sent because it does not exist in 'photos'. Is database ok? [in views.py:172]
#### 2015-08-25 14:33:15,530 ==> ERROR: 'File20150601220546344.jpg' cannot be sent because it does not exist in 'photos'. Is database ok? [in views.py:172]
#### 2015-08-25 14:33:27,418 ==> ERROR: 'File20150601222047538.jpg' cannot be sent because it does not exist in 'photos'. Is database ok? [in views.py:172]
#### 2015-08-25 14:33:27,420 ==> ERROR: 'File20150601222047546.jpg' cannot be sent because it does not exist in 'photos'. Is database ok? [in views.py:172]
#### 2015-08-25 14:33:27,422 ==> ERROR: 'File20150601221311750.jpg' cannot be sent because it does not exist in 'photos'. Is database ok? [in views.py:172]
#### 2015-08-25 14:33:27,424 ==> ERROR: 'File20150601221059706.jpg' cannot be sent because it does not exist in 'photos'. Is database ok? [in views.py:172]
#### 2015-08-25 14:33:27,433 ==> ERROR: 'File20150601221115913.jpg' cannot be sent because it does not exist in 'photos'. Is database ok? [in views.py:172]
#### 2015-08-25 14:33:27,435 ==> ERROR: 'File20150601220546335.jpg' cannot be sent because it does not exist in 'photos'. Is database ok? [in views.py:172]
#### 2015-08-25 14:33:27,436 ==> ERROR: 'File20150601220546344.jpg' cannot be sent because it does not exist in 'photos'. Is database ok? [in views.py:172]
#### 2015-08-25 14:33:42,508 ==> ERROR: 'File20150601222047538.jpg' cannot be sent because it does not exist in 'photos'. Is database ok? [in views.py:172]
#### 2015-08-25 14:33:42,510 ==> ERROR: 'File20150601222047546.jpg' cannot be sent because it does not exist in 'photos'. Is database ok? [in views.py:172]
#### 2015-08-25 14:33:42,512 ==> ERROR: 'File20150601221311750.jpg' cannot be sent because it does not exist in 'photos'. Is database ok? [in views.py:172]
#### 2015-08-25 14:33:42,513 ==> ERROR: 'File20150601221059706.jpg' cannot be sent because it does not exist in 'photos'. Is database ok? [in views.py:172]
#### 2015-08-25 14:33:42,518 ==> ERROR: 'File20150601221115913.jpg' cannot be sent because it does not exist in 'photos'. Is database ok? [in views.py:172]
#### 2015-08-25 14:33:42,520 ==> ERROR: 'File20150601220546335.jpg' cannot be sent because it does not exist in 'photos'. Is database ok? [in views.py:172]
#### 2015-08-25 14:33:42,521 ==> ERROR: 'File20150601220546344.jpg' cannot be sent because it does not exist in 'photos'. Is database ok? [in views.py:172]
#### 2015-08-25 14:34:06,546 ==> ERROR: 'File20150601222047538.jpg' cannot be sent because it does not exist in 'photos'. Is database ok? [in views.py:172]
#### 2015-08-25 14:34:06,547 ==> ERROR: 'File20150601222047546.jpg' cannot be sent because it does not exist in 'photos'. Is database ok? [in views.py:172]
#### 2015-08-25 14:34:06,549 ==> ERROR: 'File20150601221311750.jpg' cannot be sent because it does not exist in 'photos'. Is database ok? [in views.py:172]
#### 2015-08-25 14:34:06,553 ==> ERROR: 'File20150601221059706.jpg' cannot be sent because it does not exist in 'photos'. Is database ok? [in views.py:172]
#### 2015-08-25 14:34:06,554 ==> ERROR: 'File20150601221115913.jpg' cannot be sent because it does not exist in 'photos'. Is database ok? [in views.py:172]
#### 2015-08-25 14:34:06,556 ==> ERROR: 'File20150601220546335.jpg' cannot be sent because it does not exist in 'photos'. Is database ok? [in views.py:172]
#### 2015-08-25 14:34:06,558 ==> ERROR: 'File20150601220546344.jpg' cannot be sent because it does not exist in 'photos'. Is database ok? [in views.py:172]
#### 2015-08-25 14:34:12,719 ==> ERROR: 'File20150601222047538.jpg' cannot be sent because it does not exist in 'photos'. Is database ok? [in views.py:172]
#### 2015-08-25 14:34:12,720 ==> ERROR: 'File20150601222047546.jpg' cannot be sent because it does not exist in 'photos'. Is database ok? [in views.py:172]
#### 2015-08-25 14:34:12,723 ==> ERROR: 'File20150601221311750.jpg' cannot be sent because it does not exist in 'photos'. Is database ok? [in views.py:172]
#### 2015-08-25 14:34:12,725 ==> ERROR: 'File20150601221059706.jpg' cannot be sent because it does not exist in 'photos'. Is database ok? [in views.py:172]
#### 2015-08-25 14:34:12,732 ==> ERROR: 'File20150601221115913.jpg' cannot be sent because it does not exist in 'photos'. Is database ok? [in views.py:172]
#### 2015-08-25 14:34:12,733 ==> ERROR: 'File20150601220546335.jpg' cannot be sent because it does not exist in 'photos'. Is database ok? [in views.py:172]
#### 2015-08-25 14:34:12,735 ==> ERROR: 'File20150601220546344.jpg' cannot be sent because it does not exist in 'photos'. Is database ok? [in views.py:172]
#### 2015-08-25 14:34:23,313 ==> ERROR: 'File20150601222047538.jpg' cannot be sent because it does not exist in 'photos'. Is database ok? [in views.py:172]
#### 2015-08-25 14:34:23,314 ==> ERROR: 'File20150601222047546.jpg' cannot be sent because it does not exist in 'photos'. Is database ok? [in views.py:172]
#### 2015-08-25 14:34:23,316 ==> ERROR: 'File20150601221311750.jpg' cannot be sent because it does not exist in 'photos'. Is database ok? [in views.py:172]
#### 2015-08-25 14:34:23,318 ==> ERROR: 'File20150601221059706.jpg' cannot be sent because it does not exist in 'photos'. Is database ok? [in views.py:172]
#### 2015-08-25 14:34:23,319 ==> ERROR: 'File20150601221115913.jpg' cannot be sent because it does not exist in 'photos'. Is database ok? [in views.py:172]
#### 2015-08-25 14:34:23,321 ==> ERROR: 'File20150601220546335.jpg' cannot be sent because it does not exist in 'photos'. Is database ok? [in views.py:172]
#### 2015-08-25 14:34:23,322 ==> ERROR: 'File20150601220546344.jpg' cannot be sent because it does not exist in 'photos'. Is database ok? [in views.py:172]
#### 2015-08-25 14:36:26,232 ==> ERROR: 'File20150601222047538.jpg' cannot be sent because it does not exist in 'photos'. Is database ok? [in views.py:172]
#### 2015-08-25 14:36:26,233 ==> ERROR: 'File20150601222047546.jpg' cannot be sent because it does not exist in 'photos'. Is database ok? [in views.py:172]
#### 2015-08-25 14:36:26,236 ==> ERROR: 'File20150601221311750.jpg' cannot be sent because it does not exist in 'photos'. Is database ok? [in views.py:172]
#### 2015-08-25 14:36:26,237 ==> ERROR: 'File20150601221059706.jpg' cannot be sent because it does not exist in 'photos'. Is database ok? [in views.py:172]
#### 2015-08-25 14:36:26,239 ==> ERROR: 'File20150601221115913.jpg' cannot be sent because it does not exist in 'photos'. Is database ok? [in views.py:172]
#### 2015-08-25 14:36:26,245 ==> ERROR: 'File20150601220546335.jpg' cannot be sent because it does not exist in 'photos'. Is database ok? [in views.py:172]
#### 2015-08-25 14:36:26,246 ==> ERROR: 'File20150601220546344.jpg' cannot be sent because it does not exist in 'photos'. Is database ok? [in views.py:172]
#### 2015-08-25 14:37:01,512 ==> ERROR: 'File20150601222047538.jpg' cannot be sent because it does not exist in 'photos'. Is database ok? [in views.py:172]
#### 2015-08-25 14:37:01,514 ==> ERROR: 'File20150601222047546.jpg' cannot be sent because it does not exist in 'photos'. Is database ok? [in views.py:172]
#### 2015-08-25 14:37:01,515 ==> ERROR: 'File20150601221311750.jpg' cannot be sent because it does not exist in 'photos'. Is database ok? [in views.py:172]
#### 2015-08-25 14:37:01,517 ==> ERROR: 'File20150601221059706.jpg' cannot be sent because it does not exist in 'photos'. Is database ok? [in views.py:172]
#### 2015-08-25 14:37:01,519 ==> ERROR: 'File20150601221115913.jpg' cannot be sent because it does not exist in 'photos'. Is database ok? [in views.py:172]
#### 2015-08-25 14:37:01,525 ==> ERROR: 'File20150601220546335.jpg' cannot be sent because it does not exist in 'photos'. Is database ok? [in views.py:172]
#### 2015-08-25 14:37:01,527 ==> ERROR: 'File20150601220546344.jpg' cannot be sent because it does not exist in 'photos'. Is database ok? [in views.py:172]
#### 2015-08-25 14:37:03,800 ==> ERROR: 'File20150601222047538.jpg' cannot be sent because it does not exist in 'photos'. Is database ok? [in views.py:172]
#### 2015-08-25 14:37:03,803 ==> ERROR: 'File20150601222047546.jpg' cannot be sent because it does not exist in 'photos'. Is database ok? [in views.py:172]
#### 2015-08-25 14:37:03,805 ==> ERROR: 'File20150601221311750.jpg' cannot be sent because it does not exist in 'photos'. Is database ok? [in views.py:172]
#### 2015-08-25 14:37:03,808 ==> ERROR: 'File20150601221059706.jpg' cannot be sent because it does not exist in 'photos'. Is database ok? [in views.py:172]
#### 2015-08-25 14:37:03,809 ==> ERROR: 'File20150601221115913.jpg' cannot be sent because it does not exist in 'photos'. Is database ok? [in views.py:172]
#### 2015-08-25 14:37:03,811 ==> ERROR: 'File20150601220546335.jpg' cannot be sent because it does not exist in 'photos'. Is database ok? [in views.py:172]
#### 2015-08-25 14:37:03,813 ==> ERROR: 'File20150601220546344.jpg' cannot be sent because it does not exist in 'photos'. Is database ok? [in views.py:172]
#### 2015-08-25 14:37:21,496 ==> ERROR: 'File20150601222047538.jpg' cannot be sent because it does not exist in 'photos'. Is database ok? [in views.py:172]
#### 2015-08-25 14:37:21,498 ==> ERROR: 'File20150601222047546.jpg' cannot be sent because it does not exist in 'photos'. Is database ok? [in views.py:172]
#### 2015-08-25 14:37:21,499 ==> ERROR: 'File20150601221311750.jpg' cannot be sent because it does not exist in 'photos'. Is database ok? [in views.py:172]
#### 2015-08-25 14:37:21,500 ==> ERROR: 'File20150601221059706.jpg' cannot be sent because it does not exist in 'photos'. Is database ok? [in views.py:172]
#### 2015-08-25 14:37:21,505 ==> ERROR: 'File20150601221115913.jpg' cannot be sent because it does not exist in 'photos'. Is database ok? [in views.py:172]
#### 2015-08-25 14:37:21,507 ==> ERROR: 'File20150601220546335.jpg' cannot be sent because it does not exist in 'photos'. Is database ok? [in views.py:172]
#### 2015-08-25 14:37:21,508 ==> ERROR: 'File20150601220546344.jpg' cannot be sent because it does not exist in 'photos'. Is database ok? [in views.py:172]
#### 2015-08-25 14:37:22,909 ==> ERROR: 'File20150601222047538.jpg' cannot be sent because it does not exist in 'photos'. Is database ok? [in views.py:172]
#### 2015-08-25 14:37:22,910 ==> ERROR: 'File20150601222047546.jpg' cannot be sent because it does not exist in 'photos'. Is database ok? [in views.py:172]
#### 2015-08-25 14:37:22,912 ==> ERROR: 'File20150601221311750.jpg' cannot be sent because it does not exist in 'photos'. Is database ok? [in views.py:172]
#### 2015-08-25 14:37:22,914 ==> ERROR: 'File20150601221059706.jpg' cannot be sent because it does not exist in 'photos'. Is database ok? [in views.py:172]
#### 2015-08-25 14:37:22,916 ==> ERROR: 'File20150601221115913.jpg' cannot be sent because it does not exist in 'photos'. Is database ok? [in views.py:172]
#### 2015-08-25 14:37:22,918 ==> ERROR: 'File20150601220546335.jpg' cannot be sent because it does not exist in 'photos'. Is database ok? [in views.py:172]
#### 2015-08-25 14:37:22,920 ==> ERROR: 'File20150601220546344.jpg' cannot be sent because it does not exist in 'photos'. Is database ok? [in views.py:172]
#### 2015-08-25 14:37:41,612 ==> ERROR: 'File20150601222047538.jpg' cannot be sent because it does not exist in 'photos'. Is database ok? [in views.py:172]
#### 2015-08-25 14:37:41,614 ==> ERROR: 'File20150601222047546.jpg' cannot be sent because it does not exist in 'photos'. Is database ok? [in views.py:172]
#### 2015-08-25 14:37:41,616 ==> ERROR: 'File20150601221311750.jpg' cannot be sent because it does not exist in 'photos'. Is database ok? [in views.py:172]
#### 2015-08-25 14:37:41,618 ==> ERROR: 'File20150601221059706.jpg' cannot be sent because it does not exist in 'photos'. Is database ok? [in views.py:172]
#### 2015-08-25 14:37:41,620 ==> ERROR: 'File20150601221115913.jpg' cannot be sent because it does not exist in 'photos'. Is database ok? [in views.py:172]
#### 2015-08-25 14:37:41,621 ==> ERROR: 'File20150601220546335.jpg' cannot be sent because it does not exist in 'photos'. Is database ok? [in views.py:172]
#### 2015-08-25 14:37:41,623 ==> ERROR: 'File20150601220546344.jpg' cannot be sent because it does not exist in 'photos'. Is database ok? [in views.py:172]
#### 2015-08-25 14:41:01,865 ==> ERROR: Exception on / [GET] [in app.py:1423]
Traceback (most recent call last):
  File "/usr/local/lib/python2.7/dist-packages/flask/app.py", line 1817, in wsgi_app
    response = self.full_dispatch_request()
  File "/usr/local/lib/python2.7/dist-packages/flask/app.py", line 1477, in full_dispatch_request
    rv = self.handle_user_exception(e)
  File "/usr/local/lib/python2.7/dist-packages/flask/app.py", line 1381, in handle_user_exception
    reraise(exc_type, exc_value, tb)
  File "/usr/local/lib/python2.7/dist-packages/flask/app.py", line 1475, in full_dispatch_request
    rv = self.dispatch_request()
  File "/usr/local/lib/python2.7/dist-packages/flask/app.py", line 1461, in dispatch_request
    return self.view_functions[rule.endpoint](**req.view_args)
  File "/home/sara/Desktop/caisovico/views.py", line 32, in viewhome
    return template.render(var)
  File "/usr/local/lib/python2.7/dist-packages/jinja2/environment.py", line 989, in render
    return self.environment.handle_exception(exc_info, True)
  File "/usr/local/lib/python2.7/dist-packages/jinja2/environment.py", line 754, in handle_exception
    reraise(exc_type, exc_value, tb)
  File "/home/sara/Desktop/caisovico/templates/base/main.html", line 37, in template
    {% else if openbox=='programmi' %}
TemplateSyntaxError: expected token 'end of statement block', got 'if'
#### 2015-08-25 14:41:25,357 ==> ERROR: Exception on / [GET] [in app.py:1423]
Traceback (most recent call last):
  File "/usr/local/lib/python2.7/dist-packages/flask/app.py", line 1817, in wsgi_app
    response = self.full_dispatch_request()
  File "/usr/local/lib/python2.7/dist-packages/flask/app.py", line 1477, in full_dispatch_request
    rv = self.handle_user_exception(e)
  File "/usr/local/lib/python2.7/dist-packages/flask/app.py", line 1381, in handle_user_exception
    reraise(exc_type, exc_value, tb)
  File "/usr/local/lib/python2.7/dist-packages/flask/app.py", line 1475, in full_dispatch_request
    rv = self.dispatch_request()
  File "/usr/local/lib/python2.7/dist-packages/flask/app.py", line 1461, in dispatch_request
    return self.view_functions[rule.endpoint](**req.view_args)
  File "/home/sara/Desktop/caisovico/views.py", line 32, in viewhome
    return template.render(var)
  File "/usr/local/lib/python2.7/dist-packages/jinja2/environment.py", line 989, in render
    return self.environment.handle_exception(exc_info, True)
  File "/usr/local/lib/python2.7/dist-packages/jinja2/environment.py", line 754, in handle_exception
    reraise(exc_type, exc_value, tb)
  File "/home/sara/Desktop/caisovico/templates/base/main.html", line 37, in template
    {% else if openbox=='programmi' %}
TemplateSyntaxError: expected token 'end of statement block', got 'if'
#### 2015-08-25 14:41:28,838 ==> ERROR: Exception on / [GET] [in app.py:1423]
Traceback (most recent call last):
  File "/usr/local/lib/python2.7/dist-packages/flask/app.py", line 1817, in wsgi_app
    response = self.full_dispatch_request()
  File "/usr/local/lib/python2.7/dist-packages/flask/app.py", line 1477, in full_dispatch_request
    rv = self.handle_user_exception(e)
  File "/usr/local/lib/python2.7/dist-packages/flask/app.py", line 1381, in handle_user_exception
    reraise(exc_type, exc_value, tb)
  File "/usr/local/lib/python2.7/dist-packages/flask/app.py", line 1475, in full_dispatch_request
    rv = self.dispatch_request()
  File "/usr/local/lib/python2.7/dist-packages/flask/app.py", line 1461, in dispatch_request
    return self.view_functions[rule.endpoint](**req.view_args)
  File "/home/sara/Desktop/caisovico/views.py", line 32, in viewhome
    return template.render(var)
  File "/usr/local/lib/python2.7/dist-packages/jinja2/environment.py", line 989, in render
    return self.environment.handle_exception(exc_info, True)
  File "/usr/local/lib/python2.7/dist-packages/jinja2/environment.py", line 754, in handle_exception
    reraise(exc_type, exc_value, tb)
  File "/home/sara/Desktop/caisovico/templates/base/main.html", line 37, in template
    {% else if openbox=='programmi' %}
TemplateSyntaxError: expected token 'end of statement block', got 'if'
#### 2015-08-25 14:41:31,765 ==> ERROR: Exception on /rifugio/ [GET] [in app.py:1423]
Traceback (most recent call last):
  File "/usr/local/lib/python2.7/dist-packages/flask/app.py", line 1817, in wsgi_app
    response = self.full_dispatch_request()
  File "/usr/local/lib/python2.7/dist-packages/flask/app.py", line 1477, in full_dispatch_request
    rv = self.handle_user_exception(e)
  File "/usr/local/lib/python2.7/dist-packages/flask/app.py", line 1381, in handle_user_exception
    reraise(exc_type, exc_value, tb)
  File "/usr/local/lib/python2.7/dist-packages/flask/app.py", line 1475, in full_dispatch_request
    rv = self.dispatch_request()
  File "/usr/local/lib/python2.7/dist-packages/flask/app.py", line 1461, in dispatch_request
    return self.view_functions[rule.endpoint](**req.view_args)
  File "/home/sara/Desktop/caisovico/views.py", line 64, in rifhome
    return template.render(var)
  File "/usr/local/lib/python2.7/dist-packages/jinja2/environment.py", line 989, in render
    return self.environment.handle_exception(exc_info, True)
  File "/usr/local/lib/python2.7/dist-packages/jinja2/environment.py", line 754, in handle_exception
    reraise(exc_type, exc_value, tb)
  File "/home/sara/Desktop/caisovico/templates/base/main.html", line 37, in template
    {% else if openbox=='programmi' %}
TemplateSyntaxError: expected token 'end of statement block', got 'if'
#### 2015-08-25 14:42:32,395 ==> INFO: webreserved tried to access Area Riservata without permission [in decorators.py:19]
#### 2015-08-25 14:42:53,841 ==> ERROR: 'File20150601222047538.jpg' cannot be sent because it does not exist in 'photos'. Is database ok? [in views.py:172]
#### 2015-08-25 14:42:53,843 ==> ERROR: 'File20150601222047546.jpg' cannot be sent because it does not exist in 'photos'. Is database ok? [in views.py:172]
#### 2015-08-25 14:42:53,845 ==> ERROR: 'File20150601221311750.jpg' cannot be sent because it does not exist in 'photos'. Is database ok? [in views.py:172]
#### 2015-08-25 14:42:53,847 ==> ERROR: 'File20150601221059706.jpg' cannot be sent because it does not exist in 'photos'. Is database ok? [in views.py:172]
#### 2015-08-25 14:42:53,849 ==> ERROR: 'File20150601221115913.jpg' cannot be sent because it does not exist in 'photos'. Is database ok? [in views.py:172]
#### 2015-08-25 14:42:53,851 ==> ERROR: 'File20150601220546335.jpg' cannot be sent because it does not exist in 'photos'. Is database ok? [in views.py:172]
#### 2015-08-25 14:42:53,852 ==> ERROR: 'File20150601220546344.jpg' cannot be sent because it does not exist in 'photos'. Is database ok? [in views.py:172]
#### 2015-08-25 14:42:55,349 ==> ERROR: 'File20150601222047538.jpg' cannot be sent because it does not exist in 'photos'. Is database ok? [in views.py:172]
#### 2015-08-25 14:42:55,351 ==> ERROR: 'File20150601222047546.jpg' cannot be sent because it does not exist in 'photos'. Is database ok? [in views.py:172]
#### 2015-08-25 14:42:55,353 ==> ERROR: 'File20150601221311750.jpg' cannot be sent because it does not exist in 'photos'. Is database ok? [in views.py:172]
#### 2015-08-25 14:42:55,354 ==> ERROR: 'File20150601221059706.jpg' cannot be sent because it does not exist in 'photos'. Is database ok? [in views.py:172]
#### 2015-08-25 14:42:55,355 ==> ERROR: 'File20150601221115913.jpg' cannot be sent because it does not exist in 'photos'. Is database ok? [in views.py:172]
#### 2015-08-25 14:42:55,357 ==> ERROR: 'File20150601220546335.jpg' cannot be sent because it does not exist in 'photos'. Is database ok? [in views.py:172]
#### 2015-08-25 14:42:55,358 ==> ERROR: 'File20150601220546344.jpg' cannot be sent because it does not exist in 'photos'. Is database ok? [in views.py:172]
#### 2015-08-25 14:43:02,066 ==> ERROR: 'File20150601222047538.jpg' cannot be sent because it does not exist in 'photos'. Is database ok? [in views.py:172]
#### 2015-08-25 14:43:02,067 ==> ERROR: 'File20150601222047546.jpg' cannot be sent because it does not exist in 'photos'. Is database ok? [in views.py:172]
#### 2015-08-25 14:43:02,069 ==> ERROR: 'File20150601221311750.jpg' cannot be sent because it does not exist in 'photos'. Is database ok? [in views.py:172]
#### 2015-08-25 14:43:02,071 ==> ERROR: 'File20150601221059706.jpg' cannot be sent because it does not exist in 'photos'. Is database ok? [in views.py:172]
#### 2015-08-25 14:43:02,073 ==> ERROR: 'File20150601221115913.jpg' cannot be sent because it does not exist in 'photos'. Is database ok? [in views.py:172]
#### 2015-08-25 14:43:02,075 ==> ERROR: 'File20150601220546335.jpg' cannot be sent because it does not exist in 'photos'. Is database ok? [in views.py:172]
#### 2015-08-25 14:43:02,076 ==> ERROR: 'File20150601220546344.jpg' cannot be sent because it does not exist in 'photos'. Is database ok? [in views.py:172]
#### 2015-08-25 14:43:06,247 ==> ERROR: 'File20150601222047538.jpg' cannot be sent because it does not exist in 'photos'. Is database ok? [in views.py:172]
#### 2015-08-25 14:43:06,249 ==> ERROR: 'File20150601222047546.jpg' cannot be sent because it does not exist in 'photos'. Is database ok? [in views.py:172]
#### 2015-08-25 14:43:06,252 ==> ERROR: 'File20150601221311750.jpg' cannot be sent because it does not exist in 'photos'. Is database ok? [in views.py:172]
#### 2015-08-25 14:43:06,254 ==> ERROR: 'File20150601221059706.jpg' cannot be sent because it does not exist in 'photos'. Is database ok? [in views.py:172]
#### 2015-08-25 14:43:06,256 ==> ERROR: 'File20150601221115913.jpg' cannot be sent because it does not exist in 'photos'. Is database ok? [in views.py:172]
#### 2015-08-25 14:43:06,258 ==> ERROR: 'File20150601220546335.jpg' cannot be sent because it does not exist in 'photos'. Is database ok? [in views.py:172]
#### 2015-08-25 14:43:06,259 ==> ERROR: 'File20150601220546344.jpg' cannot be sent because it does not exist in 'photos'. Is database ok? [in views.py:172]
#### 2015-08-25 14:43:34,329 ==> INFO: Switching off.. [in run.py:29]
################
#### 2015-08-25 19:24:58,891 ==> INFO: Starting up... [in run.py:20]
#### 2015-08-25 19:25:01,697 ==> ERROR: 'File20150601222047538.jpg' cannot be sent because it does not exist in 'photos'. Is database ok? [in views.py:172]
#### 2015-08-25 19:25:01,709 ==> ERROR: 'File20150601222047546.jpg' cannot be sent because it does not exist in 'photos'. Is database ok? [in views.py:172]
#### 2015-08-25 19:25:01,711 ==> ERROR: 'File20150601221311750.jpg' cannot be sent because it does not exist in 'photos'. Is database ok? [in views.py:172]
#### 2015-08-25 19:25:01,726 ==> ERROR: 'File20150601221059706.jpg' cannot be sent because it does not exist in 'photos'. Is database ok? [in views.py:172]
#### 2015-08-25 19:25:01,727 ==> ERROR: 'File20150601221115913.jpg' cannot be sent because it does not exist in 'photos'. Is database ok? [in views.py:172]
#### 2015-08-25 19:25:01,729 ==> ERROR: 'File20150601220546335.jpg' cannot be sent because it does not exist in 'photos'. Is database ok? [in views.py:172]
#### 2015-08-25 19:25:01,730 ==> ERROR: 'File20150601220546344.jpg' cannot be sent because it does not exist in 'photos'. Is database ok? [in views.py:172]
#### 2015-08-25 19:25:03,984 ==> ERROR: 'File20150601222047538.jpg' cannot be sent because it does not exist in 'photos'. Is database ok? [in views.py:172]
#### 2015-08-25 19:25:03,986 ==> ERROR: 'File20150601222047546.jpg' cannot be sent because it does not exist in 'photos'. Is database ok? [in views.py:172]
#### 2015-08-25 19:25:03,987 ==> ERROR: 'File20150601221311750.jpg' cannot be sent because it does not exist in 'photos'. Is database ok? [in views.py:172]
#### 2015-08-25 19:25:03,989 ==> ERROR: 'File20150601221059706.jpg' cannot be sent because it does not exist in 'photos'. Is database ok? [in views.py:172]
#### 2015-08-25 19:25:03,992 ==> ERROR: 'File20150601221115913.jpg' cannot be sent because it does not exist in 'photos'. Is database ok? [in views.py:172]
#### 2015-08-25 19:25:03,994 ==> ERROR: 'File20150601220546335.jpg' cannot be sent because it does not exist in 'photos'. Is database ok? [in views.py:172]
#### 2015-08-25 19:25:03,996 ==> ERROR: 'File20150601220546344.jpg' cannot be sent because it does not exist in 'photos'. Is database ok? [in views.py:172]
#### 2015-08-25 19:25:06,545 ==> ERROR: 'File20150601222047538.jpg' cannot be sent because it does not exist in 'photos'. Is database ok? [in views.py:172]
#### 2015-08-25 19:25:06,546 ==> ERROR: 'File20150601222047546.jpg' cannot be sent because it does not exist in 'photos'. Is database ok? [in views.py:172]
#### 2015-08-25 19:25:06,551 ==> ERROR: 'File20150601221311750.jpg' cannot be sent because it does not exist in 'photos'. Is database ok? [in views.py:172]
#### 2015-08-25 19:25:06,552 ==> ERROR: 'File20150601221059706.jpg' cannot be sent because it does not exist in 'photos'. Is database ok? [in views.py:172]
#### 2015-08-25 19:25:06,555 ==> ERROR: 'File20150601221115913.jpg' cannot be sent because it does not exist in 'photos'. Is database ok? [in views.py:172]
#### 2015-08-25 19:25:06,557 ==> ERROR: 'File20150601220546335.jpg' cannot be sent because it does not exist in 'photos'. Is database ok? [in views.py:172]
#### 2015-08-25 19:25:06,558 ==> ERROR: 'File20150601220546344.jpg' cannot be sent because it does not exist in 'photos'. Is database ok? [in views.py:172]
#### 2015-08-25 19:27:22,141 ==> ERROR: 'File20150601222047538.jpg' cannot be sent because it does not exist in 'photos'. Is database ok? [in views.py:172]
#### 2015-08-25 19:27:22,144 ==> ERROR: 'File20150601222047546.jpg' cannot be sent because it does not exist in 'photos'. Is database ok? [in views.py:172]
#### 2015-08-25 19:27:22,146 ==> ERROR: 'File20150601221311750.jpg' cannot be sent because it does not exist in 'photos'. Is database ok? [in views.py:172]
#### 2015-08-25 19:27:22,147 ==> ERROR: 'File20150601221059706.jpg' cannot be sent because it does not exist in 'photos'. Is database ok? [in views.py:172]
#### 2015-08-25 19:27:22,148 ==> ERROR: 'File20150601221115913.jpg' cannot be sent because it does not exist in 'photos'. Is database ok? [in views.py:172]
#### 2015-08-25 19:27:22,150 ==> ERROR: 'File20150601220546335.jpg' cannot be sent because it does not exist in 'photos'. Is database ok? [in views.py:172]
#### 2015-08-25 19:27:22,152 ==> ERROR: 'File20150601220546344.jpg' cannot be sent because it does not exist in 'photos'. Is database ok? [in views.py:172]
#### 2015-08-25 19:27:32,323 ==> INFO: Switching off.. [in run.py:29]
################
